#
# There is insufficient memory for the Java Runtime Environment to continue.
# Native memory allocation (malloc) failed to allocate 1071456 bytes for Chunk::new
# Possible reasons:
#   The system is out of physical RAM or swap space
#   In 32 bit mode, the process size limit was hit
# Possible solutions:
#   Reduce memory load on the system
#   Increase physical memory or swap space
#   Check if swap backing store is full
#   Use 64 bit Java on a 64 bit OS
#   Decrease Java heap size (-Xmx/-Xms)
#   Decrease number of Java threads
#   Decrease Java thread stack sizes (-Xss)
#   Set larger code cache with -XX:ReservedCodeCacheSize=
# This output file may be truncated or incomplete.
#
#  Out of Memory Error (allocation.cpp:390), pid=15508, tid=0x0000000000002784
#
# JRE version: OpenJDK Runtime Environment (8.0_152-b01) (build 1.8.0_152-release-1248-b01)
# Java VM: OpenJDK 64-Bit Server VM (25.152-b01 mixed mode windows-amd64 compressed oops)
# Failed to write core dump. Minidumps are not enabled by default on client versions of Windows
#

---------------  T H R E A D  ---------------

Current thread (0x0000000015f5b800):  JavaThread "C2 CompilerThread1" daemon [_thread_in_native, id=10116, stack(0x00000000176a0000,0x00000000177a0000)]

Stack: [0x00000000176a0000,0x00000000177a0000]
[error occurred during error reporting (printing stack bounds), id 0xc0000005]

Native frames: (J=compiled Java code, j=interpreted, Vv=VM code, C=native code)


Current CompileTask:
C2:  46066 5033       4       java.io.ObjectOutputStream::writeClassDesc (60 bytes)


---------------  P R O C E S S  ---------------

Java Threads: ( => current thread )
  0x000000001cad9000 JavaThread "pool-1-thread-1" [_thread_blocked, id=24360, stack(0x0000000020a20000,0x0000000020b20000)]
  0x000000001cad7800 JavaThread "Build operations Thread 4" [_thread_blocked, id=27936, stack(0x0000000020720000,0x0000000020820000)]
  0x000000001cadc800 JavaThread "Build operations Thread 3" [_thread_blocked, id=22052, stack(0x0000000020620000,0x0000000020720000)]
  0x000000001cadc000 JavaThread "Build operations Thread 2" [_thread_blocked, id=18488, stack(0x0000000020520000,0x0000000020620000)]
  0x000000001ab7a000 JavaThread "Build operations" [_thread_blocked, id=27252, stack(0x0000000020420000,0x0000000020520000)]
  0x000000001ab78800 JavaThread "Cache worker for Artifact transforms cache (C:\Users\ms1le\.gradle\caches\transforms-1)" [_thread_blocked, id=27900, stack(0x0000000020320000,0x0000000020420000)]
  0x000000001ab78000 JavaThread "Cache worker for cache directory md-rule (C:\Users\ms1le\.gradle\caches\4.10.1\md-rule)" [_thread_blocked, id=5828, stack(0x0000000020060000,0x0000000020160000)]
  0x000000001ab7e800 JavaThread "Cache worker for cache directory md-supplier (C:\Users\ms1le\.gradle\caches\4.10.1\md-supplier)" [_thread_blocked, id=25192, stack(0x000000001f820000,0x000000001f920000)]
  0x000000001ab7b000 JavaThread "File lock release action executor" [_thread_blocked, id=27016, stack(0x000000001f120000,0x000000001f220000)]
  0x000000001ab7d000 JavaThread "Cache worker for journal cache (C:\Users\ms1le\.gradle\caches\journal-1)" [_thread_blocked, id=12748, stack(0x000000001dc60000,0x000000001dd60000)]
  0x000000001b510000 JavaThread "Cache worker for file hash cache (C:\Users\ms1le\AndroidStudioProjects\T27_options_menu_icon\.gradle\4.10.1\fileHashes)" [_thread_blocked, id=20132, stack(0x000000001db60000,0x000000001dc60000)]
  0x000000001bd83800 JavaThread "File lock request listener" [_thread_in_native, id=17932, stack(0x000000001da60000,0x000000001db60000)]
  0x00000000182a4000 JavaThread "Cache worker for file hash cache (C:\Users\ms1le\.gradle\caches\4.10.1\fileHashes)" [_thread_blocked, id=18508, stack(0x000000001d960000,0x000000001da60000)]
  0x00000000186a0800 JavaThread "Stdin handler" [_thread_blocked, id=4384, stack(0x000000001a6f0000,0x000000001a7f0000)]
  0x00000000183ba800 JavaThread "Asynchronous log dispatcher for DefaultDaemonConnection: socket connection from /127.0.0.1:56413 to /127.0.0.1:56414" [_thread_blocked, id=12104, stack(0x000000001a5f0000,0x000000001a6f0000)]
  0x00000000183b8800 JavaThread "Daemon worker" [_thread_in_vm, id=15700, stack(0x000000001a2f0000,0x000000001a3f0000)]
  0x000000001786e800 JavaThread "Cancel handler" [_thread_blocked, id=25424, stack(0x000000001a1f0000,0x000000001a2f0000)]
  0x0000000018097000 JavaThread "Handler for socket connection from /127.0.0.1:56413 to /127.0.0.1:56414" [_thread_in_native, id=14044, stack(0x000000001a0f0000,0x000000001a1f0000)]
  0x0000000018092000 JavaThread "Daemon" [_thread_blocked, id=21052, stack(0x0000000019ff0000,0x000000001a0f0000)]
  0x0000000018173800 JavaThread "Daemon periodic checks" [_thread_blocked, id=8336, stack(0x0000000019ef0000,0x0000000019ff0000)]
  0x000000001843f800 JavaThread "Incoming local TCP Connector on port 56413" [_thread_in_native, id=912, stack(0x0000000019cb0000,0x0000000019db0000)]
  0x0000000015fbe800 JavaThread "Service Thread" daemon [_thread_blocked, id=24064, stack(0x0000000017ca0000,0x0000000017da0000)]
  0x0000000015fbd000 JavaThread "C1 CompilerThread2" daemon [_thread_blocked, id=13172, stack(0x0000000017ba0000,0x0000000017ca0000)]
=>0x0000000015f5b800 JavaThread "C2 CompilerThread1" daemon [_thread_in_native, id=10116, stack(0x00000000176a0000,0x00000000177a0000)]
  0x0000000015f58000 JavaThread "C2 CompilerThread0" daemon [_thread_in_native, id=27196, stack(0x00000000175a0000,0x00000000176a0000)]
  0x0000000015f65800 JavaThread "Attach Listener" daemon [_thread_blocked, id=2020, stack(0x00000000174a0000,0x00000000175a0000)]
  0x0000000015f64000 JavaThread "Signal Dispatcher" daemon [_thread_blocked, id=21988, stack(0x00000000173a0000,0x00000000174a0000)]
  0x00000000025e5800 JavaThread "Finalizer" daemon [_thread_blocked, id=15732, stack(0x00000000171b0000,0x00000000172b0000)]
  0x00000000025e0000 JavaThread "Reference Handler" daemon [_thread_blocked, id=18088, stack(0x00000000170b0000,0x00000000171b0000)]
  0x000000000248d800 JavaThread "main" [_thread_blocked, id=25896, stack(0x0000000002360000,0x0000000002460000)]

Other Threads:
  0x0000000015f26800 VMThread [stack: 0x0000000016fb0000,0x00000000170b0000] [id=18196]
  0x00000000177af800 WatcherThread [stack: 0x0000000017da0000,0x0000000017ea0000] [id=4352]

VM state:not at safepoint (normal execution)

VM Mutex/Monitor currently owned by a thread: None

Heap:
 PSYoungGen      total 173568K, used 101691K [0x00000000e0000000, 0x00000000ed400000, 0x0000000100000000)
  eden space 160256K, 55% used [0x00000000e0000000,0x00000000e564f9e0,0x00000000e9c80000)
  from space 13312K, 99% used [0x00000000ead00000,0x00000000eb9ff5c8,0x00000000eba00000)
  to   space 16896K, 0% used [0x00000000e9c80000,0x00000000e9c80000,0x00000000ead00000)
 ParOldGen       total 98816K, used 23982K [0x00000000a0000000, 0x00000000a6080000, 0x00000000e0000000)
  object space 98816K, 24% used [0x00000000a0000000,0x00000000a176bb20,0x00000000a6080000)
 Metaspace       used 54457K, capacity 55732K, committed 55936K, reserved 1097728K
  class space    used 7377K, capacity 7763K, committed 7808K, reserved 1048576K

Card table byte_map: [0x00000000119b0000,0x0000000011cc0000] byte_map_base: 0x00000000114b0000

Marking Bits: (ParMarkBitMap*) 0x000000005c4b5aa0
 Begin Bits: [0x00000000122c0000, 0x0000000013ac0000)
 End Bits:   [0x0000000013ac0000, 0x00000000152c0000)

Polling page: 0x0000000000720000

CodeCache: size=245760Kb used=16760Kb max_used=16760Kb free=228999Kb
 bounds [0x00000000025f0000, 0x0000000003660000, 0x00000000115f0000]
 total_blobs=5638 nmethods=4863 adapters=687
 compilation: enabled

Compilation events (10 events):
Event: 46.040 Thread 0x0000000015fbd000 nmethod 5103 0x0000000003639c90 code [0x0000000003639de0, 0x0000000003639f50]
Event: 46.040 Thread 0x0000000015fbd000 5104       3       java.lang.invoke.TypeConvertingMethodAdapter::convertType (299 bytes)
Event: 46.048 Thread 0x0000000015f58000 nmethod 5100 0x00000000036462d0 code [0x0000000003646440, 0x00000000036468e8]
Event: 46.052 Thread 0x0000000015fbd000 nmethod 5104 0x0000000003646bd0 code [0x0000000003647960, 0x0000000003653218]
Event: 46.052 Thread 0x0000000015fbd000 5107       3       com.google.common.collect.ObjectArrays::checkElementsNotNull (23 bytes)
Event: 46.053 Thread 0x0000000015fbd000 nmethod 5107 0x000000000363bb10 code [0x000000000363bd00, 0x000000000363c658]
Event: 46.053 Thread 0x0000000015fbd000 5106       3       com.google.common.collect.ObjectArrays::checkElementsNotNull (7 bytes)
Event: 46.054 Thread 0x0000000015fbd000 nmethod 5106 0x0000000003639710 code [0x0000000003639880, 0x0000000003639b28]
Event: 46.054 Thread 0x0000000015fbd000 5105       3       java.lang.invoke.ConstantCallSite::getTarget (20 bytes)
Event: 46.054 Thread 0x0000000015fbd000 nmethod 5105 0x000000000363b650 code [0x000000000363b7c0, 0x000000000363ba28]

GC Heap History (10 events):
Event: 25.869 GC heap before
{Heap before GC invocations=6 (full 1):
 PSYoungGen      total 71680K, used 5088K [0x00000000e0000000, 0x00000000e9800000, 0x0000000100000000)
  eden space 66560K, 0% used [0x00000000e0000000,0x00000000e0000000,0x00000000e4100000)
  from space 5120K, 99% used [0x00000000e4100000,0x00000000e45f8030,0x00000000e4600000)
  to   space 11264K, 0% used [0x00000000e8d00000,0x00000000e8d00000,0x00000000e9800000)
 ParOldGen       total 87552K, used 9271K [0x00000000a0000000, 0x00000000a5580000, 0x00000000e0000000)
  object space 87552K, 10% used [0x00000000a0000000,0x00000000a090dde8,0x00000000a5580000)
 Metaspace       used 20690K, capacity 21116K, committed 21296K, reserved 1067008K
  class space    used 2907K, capacity 3087K, committed 3200K, reserved 1048576K
Event: 26.042 GC heap after
Heap after GC invocations=6 (full 1):
 PSYoungGen      total 71680K, used 0K [0x00000000e0000000, 0x00000000e9800000, 0x0000000100000000)
  eden space 66560K, 0% used [0x00000000e0000000,0x00000000e0000000,0x00000000e4100000)
  from space 5120K, 0% used [0x00000000e4100000,0x00000000e4100000,0x00000000e4600000)
  to   space 11264K, 0% used [0x00000000e8d00000,0x00000000e8d00000,0x00000000e9800000)
 ParOldGen       total 61440K, used 9401K [0x00000000a0000000, 0x00000000a3c00000, 0x00000000e0000000)
  object space 61440K, 15% used [0x00000000a0000000,0x00000000a092e410,0x00000000a3c00000)
 Metaspace       used 20690K, capacity 21116K, committed 21296K, reserved 1067008K
  class space    used 2907K, capacity 3087K, committed 3200K, reserved 1048576K
}
Event: 31.541 GC heap before
{Heap before GC invocations=7 (full 1):
 PSYoungGen      total 71680K, used 66560K [0x00000000e0000000, 0x00000000e9800000, 0x0000000100000000)
  eden space 66560K, 100% used [0x00000000e0000000,0x00000000e4100000,0x00000000e4100000)
  from space 5120K, 0% used [0x00000000e4100000,0x00000000e4100000,0x00000000e4600000)
  to   space 11264K, 0% used [0x00000000e8d00000,0x00000000e8d00000,0x00000000e9800000)
 ParOldGen       total 61440K, used 9401K [0x00000000a0000000, 0x00000000a3c00000, 0x00000000e0000000)
  object space 61440K, 15% used [0x00000000a0000000,0x00000000a092e410,0x00000000a3c00000)
 Metaspace       used 26809K, capacity 27326K, committed 27520K, reserved 1073152K
  class space    used 3740K, capacity 3934K, committed 3968K, reserved 1048576K
Event: 31.583 GC heap after
Heap after GC invocations=7 (full 1):
 PSYoungGen      total 112640K, used 6424K [0x00000000e0000000, 0x00000000e9380000, 0x0000000100000000)
  eden space 105984K, 0% used [0x00000000e0000000,0x00000000e0000000,0x00000000e6780000)
  from space 6656K, 96% used [0x00000000e8d00000,0x00000000e93462f0,0x00000000e9380000)
  to   space 10752K, 0% used [0x00000000e7e80000,0x00000000e7e80000,0x00000000e8900000)
 ParOldGen       total 61440K, used 9409K [0x00000000a0000000, 0x00000000a3c00000, 0x00000000e0000000)
  object space 61440K, 15% used [0x00000000a0000000,0x00000000a0930410,0x00000000a3c00000)
 Metaspace       used 26809K, capacity 27326K, committed 27520K, reserved 1073152K
  class space    used 3740K, capacity 3934K, committed 3968K, reserved 1048576K
}
Event: 40.511 GC heap before
{Heap before GC invocations=8 (full 1):
 PSYoungGen      total 112640K, used 106423K [0x00000000e0000000, 0x00000000e9380000, 0x0000000100000000)
  eden space 105984K, 94% used [0x00000000e0000000,0x00000000e61a7a48,0x00000000e6780000)
  from space 6656K, 96% used [0x00000000e8d00000,0x00000000e93462f0,0x00000000e9380000)
  to   space 10752K, 0% used [0x00000000e7e80000,0x00000000e7e80000,0x00000000e8900000)
 ParOldGen       total 61440K, used 9409K [0x00000000a0000000, 0x00000000a3c00000, 0x00000000e0000000)
  object space 61440K, 15% used [0x00000000a0000000,0x00000000a0930410,0x00000000a3c00000)
 Metaspace       used 34849K, capacity 35432K, committed 35496K, reserved 1079296K
  class space    used 4866K, capacity 5078K, committed 5120K, reserved 1048576K
Event: 40.541 GC heap after
Heap after GC invocations=8 (full 1):
 PSYoungGen      total 140288K, used 10747K [0x00000000e0000000, 0x00000000eba00000, 0x0000000100000000)
  eden space 129536K, 0% used [0x00000000e0000000,0x00000000e0000000,0x00000000e7e80000)
  from space 10752K, 99% used [0x00000000e7e80000,0x00000000e88fed20,0x00000000e8900000)
  to   space 13312K, 0% used [0x00000000ead00000,0x00000000ead00000,0x00000000eba00000)
 ParOldGen       total 61440K, used 12116K [0x00000000a0000000, 0x00000000a3c00000, 0x00000000e0000000)
  object space 61440K, 19% used [0x00000000a0000000,0x00000000a0bd5098,0x00000000a3c00000)
 Metaspace       used 34849K, capacity 35432K, committed 35496K, reserved 1079296K
  class space    used 4866K, capacity 5078K, committed 5120K, reserved 1048576K
}
Event: 40.541 GC heap before
{Heap before GC invocations=9 (full 2):
 PSYoungGen      total 140288K, used 10747K [0x00000000e0000000, 0x00000000eba00000, 0x0000000100000000)
  eden space 129536K, 0% used [0x00000000e0000000,0x00000000e0000000,0x00000000e7e80000)
  from space 10752K, 99% used [0x00000000e7e80000,0x00000000e88fed20,0x00000000e8900000)
  to   space 13312K, 0% used [0x00000000ead00000,0x00000000ead00000,0x00000000eba00000)
 ParOldGen       total 61440K, used 12116K [0x00000000a0000000, 0x00000000a3c00000, 0x00000000e0000000)
  object space 61440K, 19% used [0x00000000a0000000,0x00000000a0bd5098,0x00000000a3c00000)
 Metaspace       used 34849K, capacity 35432K, committed 35496K, reserved 1079296K
  class space    used 4866K, capacity 5078K, committed 5120K, reserved 1048576K
Event: 40.762 GC heap after
Heap after GC invocations=9 (full 2):
 PSYoungGen      total 140288K, used 0K [0x00000000e0000000, 0x00000000eba00000, 0x0000000100000000)
  eden space 129536K, 0% used [0x00000000e0000000,0x00000000e0000000,0x00000000e7e80000)
  from space 10752K, 0% used [0x00000000e7e80000,0x00000000e7e80000,0x00000000e8900000)
  to   space 13312K, 0% used [0x00000000ead00000,0x00000000ead00000,0x00000000eba00000)
 ParOldGen       total 98816K, used 19800K [0x00000000a0000000, 0x00000000a6080000, 0x00000000e0000000)
  object space 98816K, 20% used [0x00000000a0000000,0x00000000a1356150,0x00000000a6080000)
 Metaspace       used 34849K, capacity 35432K, committed 35496K, reserved 1079296K
  class space    used 4866K, capacity 5078K, committed 5120K, reserved 1048576K
}
Event: 43.855 GC heap before
{Heap before GC invocations=10 (full 2):
 PSYoungGen      total 140288K, used 129536K [0x00000000e0000000, 0x00000000eba00000, 0x0000000100000000)
  eden space 129536K, 100% used [0x00000000e0000000,0x00000000e7e80000,0x00000000e7e80000)
  from space 10752K, 0% used [0x00000000e7e80000,0x00000000e7e80000,0x00000000e8900000)
  to   space 13312K, 0% used [0x00000000ead00000,0x00000000ead00000,0x00000000eba00000)
 ParOldGen       total 98816K, used 19800K [0x00000000a0000000, 0x00000000a6080000, 0x00000000e0000000)
  object space 98816K, 20% used [0x00000000a0000000,0x00000000a1356150,0x00000000a6080000)
 Metaspace       used 48093K, capacity 49012K, committed 49408K, reserved 1091584K
  class space    used 6514K, capacity 6797K, committed 6912K, reserved 1048576K
Event: 43.877 GC heap after
Heap after GC invocations=10 (full 2):
 PSYoungGen      total 173568K, used 13309K [0x00000000e0000000, 0x00000000ed400000, 0x0000000100000000)
  eden space 160256K, 0% used [0x00000000e0000000,0x00000000e0000000,0x00000000e9c80000)
  from space 13312K, 99% used [0x00000000ead00000,0x00000000eb9ff5c8,0x00000000eba00000)
  to   space 16896K, 0% used [0x00000000e9c80000,0x00000000e9c80000,0x00000000ead00000)
 ParOldGen       total 98816K, used 23982K [0x00000000a0000000, 0x00000000a6080000, 0x00000000e0000000)
  object space 98816K, 24% used [0x00000000a0000000,0x00000000a176bb20,0x00000000a6080000)
 Metaspace       used 48093K, capacity 49012K, committed 49408K, reserved 1091584K
  class space    used 6514K, capacity 6797K, committed 6912K, reserved 1048576K
}

Deoptimization events (10 events):
Event: 42.797 Thread 0x00000000183b8800 Uncommon trap: reason=bimorphic action=maybe_recompile pc=0x0000000002eabb18 method=java.util.WeakHashMap.eq(Ljava/lang/Object;Ljava/lang/Object;)Z @ 7
Event: 43.702 Thread 0x00000000183b8800 Uncommon trap: reason=unstable_if action=reinterpret pc=0x0000000002b072d4 method=java.util.WeakHashMap.remove(Ljava/lang/Object;)Ljava/lang/Object; @ 94
Event: 43.732 Thread 0x00000000183b8800 Uncommon trap: reason=unstable_if action=reinterpret pc=0x0000000002d9a5e8 method=java.util.regex.Pattern$BmpCharProperty.match(Ljava/util/regex/Matcher;ILjava/lang/CharSequence;)Z @ 34
Event: 44.019 Thread 0x00000000183b8800 Uncommon trap: reason=unstable_if action=reinterpret pc=0x00000000033f9c08 method=com.sun.org.apache.xerces.internal.impl.io.UTF8Reader.read([CII)I @ 131
Event: 44.020 Thread 0x00000000183b8800 Uncommon trap: reason=unstable_if action=reinterpret pc=0x00000000033ed968 method=com.sun.org.apache.xerces.internal.impl.io.UTF8Reader.read([CII)I @ 131
Event: 44.021 Thread 0x00000000183b8800 Uncommon trap: reason=unstable_if action=reinterpret pc=0x00000000033f02b8 method=java.util.regex.Pattern$BitClass.isSatisfiedBy(I)Z @ 4
Event: 44.021 Thread 0x00000000183b8800 Uncommon trap: reason=unstable_if action=reinterpret pc=0x00000000033b5f0c method=java.util.regex.Pattern$Ctype.isSatisfiedBy(I)Z @ 4
Event: 44.180 Thread 0x00000000183b8800 Uncommon trap: reason=unstable_if action=reinterpret pc=0x00000000028655b4 method=com.sun.org.apache.xerces.internal.impl.XMLEntityScanner.checkBeforeLoad(Lcom/sun/xml/internal/stream/Entity$ScannedEntity;II)I @ 18
Event: 44.198 Thread 0x00000000183b8800 Uncommon trap: reason=unstable_if action=reinterpret pc=0x00000000033e1798 method=com.sun.org.apache.xerces.internal.impl.XMLEntityScanner.scanContent(Lcom/sun/org/apache/xerces/internal/xni/XMLString;)I @ 44
Event: 44.845 Thread 0x00000000183b8800 Uncommon trap: reason=unstable_if action=reinterpret pc=0x0000000002b8a2e4 method=java.lang.String.lastIndexOf([CII[CIII)I @ 17

Classes redefined (0 events):
No events

Internal exceptions (10 events):
Event: 44.241 Thread 0x00000000183b8800 Exception <a 'java/lang/NoSuchMethodError': java.lang.Object.lambda$thenComparing$36697e65$1(Ljava/util/Comparator;Ljava/lang/Object;Ljava/lang/Object;)I> (0x00000000e17ebc18) thrown at [D:\src\AOSP-openjdk-cygwin\jdk8u\hotspot\src\share\vm\interpreter\li
Event: 44.271 Thread 0x00000000183b8800 Exception <a 'java/lang/NoSuchMethodError': java.lang.Object.lambda$maxBy$1(Ljava/util/Comparator;Ljava/lang/Object;Ljava/lang/Object;)Ljava/lang/Object;> (0x00000000e1956600) thrown at [D:\src\AOSP-openjdk-cygwin\jdk8u\hotspot\src\share\vm\interpreter\li
Event: 44.543 Thread 0x00000000183b8800 Exception <a 'java/lang/ClassNotFoundException': org/gradle/api/plugins/BasePluginConventionBeanInfo> (0x00000000e2015aa0) thrown at [D:\src\AOSP-openjdk-cygwin\jdk8u\hotspot\src\share\vm\classfile\systemDictionary.cpp, line 210]
Event: 44.543 Thread 0x00000000183b8800 Exception <a 'java/lang/ClassNotFoundException': org/gradle/api/plugins/BasePluginConventionCustomizer> (0x00000000e203ca18) thrown at [D:\src\AOSP-openjdk-cygwin\jdk8u\hotspot\src\share\vm\classfile\systemDictionary.cpp, line 210]
Event: 46.029 Thread 0x00000000183b8800 Exception <a 'java/lang/ClassNotFoundException': com/android/build/gradle/internal/api/ApkVariantOutputImpl_DecoratedBeanInfo> (0x00000000e53a4af0) thrown at [D:\src\AOSP-openjdk-cygwin\jdk8u\hotspot\src\share\vm\classfile\systemDictionary.cpp, line 210]
Event: 46.029 Thread 0x00000000183b8800 Exception <a 'java/lang/ClassNotFoundException': com/android/build/gradle/internal/api/ApkVariantOutputImplBeanInfo> (0x00000000e53be300) thrown at [D:\src\AOSP-openjdk-cygwin\jdk8u\hotspot\src\share\vm\classfile\systemDictionary.cpp, line 210]
Event: 46.030 Thread 0x00000000183b8800 Exception <a 'java/lang/ClassNotFoundException': com/android/build/gradle/internal/api/BaseVariantOutputImplBeanInfo> (0x00000000e53d89c0) thrown at [D:\src\AOSP-openjdk-cygwin\jdk8u\hotspot\src\share\vm\classfile\systemDictionary.cpp, line 210]
Event: 46.030 Thread 0x00000000183b8800 Exception <a 'java/lang/ClassNotFoundException': com/android/build/gradle/internal/api/BaseVariantOutputImplCustomizer> (0x00000000e53f3780) thrown at [D:\src\AOSP-openjdk-cygwin\jdk8u\hotspot\src\share\vm\classfile\systemDictionary.cpp, line 210]
Event: 46.031 Thread 0x00000000183b8800 Exception <a 'java/lang/ClassNotFoundException': com/android/build/gradle/internal/api/ApkVariantOutputImplCustomizer> (0x00000000e542fdc8) thrown at [D:\src\AOSP-openjdk-cygwin\jdk8u\hotspot\src\share\vm\classfile\systemDictionary.cpp, line 210]
Event: 46.032 Thread 0x00000000183b8800 Exception <a 'java/lang/ClassNotFoundException': com/android/build/gradle/internal/api/ApkVariantOutputImpl_DecoratedCustomizer> (0x00000000e545ecc8) thrown at [D:\src\AOSP-openjdk-cygwin\jdk8u\hotspot\src\share\vm\classfile\systemDictionary.cpp, line 210

Events (10 events):
Event: 46.056 loading class com/android/build/gradle/internal/scope/ArtifactPublishingUtil$publishArtifactToConfiguration$1
Event: 46.056 loading class com/android/build/gradle/internal/scope/ArtifactPublishingUtil$publishArtifactToConfiguration$1 done
Event: 46.056 loading class org/gradle/api/artifacts/ConfigurationPublications
Event: 46.056 loading class org/gradle/api/artifacts/ConfigurationPublications done
Event: 46.056 loading class org/gradle/api/internal/artifacts/configurations/DefaultConfigurationPublications$ConfigurationVariantFactory
Event: 46.056 loading class org/gradle/api/internal/artifacts/configurations/DefaultConfigurationPublications$ConfigurationVariantFactory done
Event: 46.057 loading class org/gradle/api/artifacts/ConfigurationVariant
Event: 46.057 loading class org/gradle/api/artifacts/ConfigurationVariant done
Event: 46.057 loading class com/android/build/gradle/internal/scope/ArtifactPublishingUtil$publishArtifactToConfiguration$1$1
Event: 46.057 loading class com/android/build/gradle/internal/scope/ArtifactPublishingUtil$publishArtifactToConfiguration$1$1 done


Dynamic libraries:
0x00007ff6579c0000 - 0x00007ff6579f1000 	C:\Program Files\Android\Android Studio\jre\bin\java.exe
0x00007ff902630000 - 0x00007ff902811000 	C:\WINDOWS\SYSTEM32\ntdll.dll
0x00007ff902540000 - 0x00007ff9025f2000 	C:\WINDOWS\System32\KERNEL32.DLL
0x00007ff8ff110000 - 0x00007ff8ff383000 	C:\WINDOWS\System32\KERNELBASE.dll
0x00007ff9000c0000 - 0x00007ff900161000 	C:\WINDOWS\System32\ADVAPI32.dll
0x00007ff8ffc30000 - 0x00007ff8ffcce000 	C:\WINDOWS\System32\msvcrt.dll
0x00007ff8ffb20000 - 0x00007ff8ffb7b000 	C:\WINDOWS\System32\sechost.dll
0x00007ff902410000 - 0x00007ff902534000 	C:\WINDOWS\System32\RPCRT4.dll
0x00007ff900170000 - 0x00007ff900300000 	C:\WINDOWS\System32\USER32.dll
0x00007ff8ffa50000 - 0x00007ff8ffa70000 	C:\WINDOWS\System32\win32u.dll
0x00007ff8ffce0000 - 0x00007ff8ffd08000 	C:\WINDOWS\System32\GDI32.dll
0x00007ff8ff440000 - 0x00007ff8ff5d2000 	C:\WINDOWS\System32\gdi32full.dll
0x00007ff8ff6c0000 - 0x00007ff8ff75f000 	C:\WINDOWS\System32\msvcp_win.dll
0x00007ff8ff760000 - 0x00007ff8ff85a000 	C:\WINDOWS\System32\ucrtbase.dll
0x00007ff8f3a80000 - 0x00007ff8f3ce9000 	C:\WINDOWS\WinSxS\amd64_microsoft.windows.common-controls_6595b64144ccf1df_6.0.17134.523_none_fb409dd930672a56\COMCTL32.dll
0x00007ff900770000 - 0x00007ff900a92000 	C:\WINDOWS\System32\combase.dll
0x00007ff8ff5e0000 - 0x00007ff8ff65a000 	C:\WINDOWS\System32\bcryptPrimitives.dll
0x00007ff8ffb90000 - 0x00007ff8ffbbd000 	C:\WINDOWS\System32\IMM32.DLL
0x000000005c980000 - 0x000000005ca52000 	C:\Program Files\Android\Android Studio\jre\jre\bin\msvcr100.dll
0x000000005bcf0000 - 0x000000005c531000 	C:\Program Files\Android\Android Studio\jre\jre\bin\server\jvm.dll
0x00007ff8ffb80000 - 0x00007ff8ffb88000 	C:\WINDOWS\System32\PSAPI.DLL
0x00007ff8fb3b0000 - 0x00007ff8fb3d3000 	C:\WINDOWS\SYSTEM32\WINMM.dll
0x00007ff8f9740000 - 0x00007ff8f9749000 	C:\WINDOWS\SYSTEM32\WSOCK32.dll
0x00007ff900050000 - 0x00007ff9000bc000 	C:\WINDOWS\System32\WS2_32.dll
0x00007ff8f6080000 - 0x00007ff8f608a000 	C:\WINDOWS\SYSTEM32\VERSION.dll
0x00007ff8fb070000 - 0x00007ff8fb09a000 	C:\WINDOWS\SYSTEM32\WINMMBASE.dll
0x00007ff8ffa70000 - 0x00007ff8ffab9000 	C:\WINDOWS\System32\cfgmgr32.dll
0x00007ff8f7f60000 - 0x00007ff8f7f6f000 	C:\Program Files\Android\Android Studio\jre\jre\bin\verify.dll
0x00007ff8f74e0000 - 0x00007ff8f7509000 	C:\Program Files\Android\Android Studio\jre\jre\bin\java.dll
0x00007ff8f7d70000 - 0x00007ff8f7d86000 	C:\Program Files\Android\Android Studio\jre\jre\bin\zip.dll
0x00007ff900aa0000 - 0x00007ff901ee0000 	C:\WINDOWS\System32\SHELL32.dll
0x00007ff902160000 - 0x00007ff902209000 	C:\WINDOWS\System32\shcore.dll
0x00007ff8fea00000 - 0x00007ff8ff10d000 	C:\WINDOWS\System32\windows.storage.dll
0x00007ff902210000 - 0x00007ff902261000 	C:\WINDOWS\System32\shlwapi.dll
0x00007ff8fe9c0000 - 0x00007ff8fe9d1000 	C:\WINDOWS\System32\kernel.appcore.dll
0x00007ff8fe9a0000 - 0x00007ff8fe9bf000 	C:\WINDOWS\System32\profapi.dll
0x00007ff8fe950000 - 0x00007ff8fe99c000 	C:\WINDOWS\System32\powrprof.dll
0x00007ff8fe940000 - 0x00007ff8fe94a000 	C:\WINDOWS\System32\FLTLIB.DLL
0x00007ff8f74c0000 - 0x00007ff8f74da000 	C:\Program Files\Android\Android Studio\jre\jre\bin\net.dll
0x00007ff8fe1c0000 - 0x00007ff8fe226000 	C:\WINDOWS\system32\mswsock.dll
0x00007ff8f59e0000 - 0x00007ff8f59f1000 	C:\Program Files\Android\Android Studio\jre\jre\bin\nio.dll
0x00007ff8ed9d0000 - 0x00007ff8ed9ee000 	C:\Users\ms1le\.gradle\native\25\windows-amd64\native-platform.dll
0x00007ff8f7d40000 - 0x00007ff8f7d4d000 	C:\Program Files\Android\Android Studio\jre\jre\bin\management.dll
0x00007ff8fe370000 - 0x00007ff8fe387000 	C:\WINDOWS\SYSTEM32\CRYPTSP.dll
0x00007ff8fdda0000 - 0x00007ff8fddd3000 	C:\WINDOWS\system32\rsaenh.dll
0x00007ff8fe4a0000 - 0x00007ff8fe4c5000 	C:\WINDOWS\SYSTEM32\bcrypt.dll
0x00007ff8fe870000 - 0x00007ff8fe898000 	C:\WINDOWS\SYSTEM32\USERENV.dll
0x00007ff8fe390000 - 0x00007ff8fe39b000 	C:\WINDOWS\SYSTEM32\CRYPTBASE.dll
0x00007ff8fdf40000 - 0x00007ff8fdf78000 	C:\WINDOWS\SYSTEM32\IPHLPAPI.DLL
0x00007ff8ffbc0000 - 0x00007ff8ffbc8000 	C:\WINDOWS\System32\NSI.dll
0x00007ff8f2700000 - 0x00007ff8f2716000 	C:\WINDOWS\SYSTEM32\dhcpcsvc6.DLL
0x00007ff8f26e0000 - 0x00007ff8f26fa000 	C:\WINDOWS\SYSTEM32\dhcpcsvc.DLL

VM Arguments:
jvm_args: -Xmx1536m -Dfile.encoding=windows-1252 -Duser.country=US -Duser.language=en -Duser.variant 
java_command: org.gradle.launcher.daemon.bootstrap.GradleDaemon 4.10.1
java_class_path (initial): C:\Users\ms1le\.gradle\wrapper\dists\gradle-4.10.1-all\455itskqi2qtf0v2sja68alqd\gradle-4.10.1\lib\gradle-launcher-4.10.1.jar
Launcher Type: SUN_STANDARD

Environment Variables:
PATH=C:\Program Files (x86)\Common Files\Oracle\Java\javapath;C:\WINDOWS\system32;C:\WINDOWS;C:\WINDOWS\System32\Wbem;C:\WINDOWS\System32\WindowsPowerShell\v1.0\;C:\WINDOWS\System32\OpenSSH\;C:\Users\ms1le\AppData\Local\Microsoft\WindowsApps;
USERNAME=ms1le
OS=Windows_NT
PROCESSOR_IDENTIFIER=Intel64 Family 6 Model 69 Stepping 1, GenuineIntel



---------------  S Y S T E M  ---------------

OS: Windows 10.0 , 64 bit Build 17134 (10.0.17134.1)

CPU:total 4 (initial active 4) (2 cores per cpu, 2 threads per core) family 6 model 69 stepping 1, cmov, cx8, fxsr, mmx, sse, sse2, sse3, ssse3, sse4.1, sse4.2, popcnt, avx, avx2, aes, clmul, erms, lzcnt, ht, tsc, tscinvbit, bmi1, bmi2

Memory: 4k page, physical 8291244k(716556k free), swap 21579944k(4636k free)

vm_info: OpenJDK 64-Bit Server VM (25.152-b01) for windows-amd64 JRE (1.8.0_152-release-1248-b01), built by "builder" with MS VC++ 10.0 (VS2010)

time: Tue Mar 26 00:02:39 2019
elapsed time: 46 seconds (0d 0h 0m 46s)

